20180521
/public/product/WrfData/wrf_seven_day/20180521
/public/product/WrfData/wrf_seven_day/20180521/wrfout_d01_2018-05-20_00:00:00
(74, 87)
/public/product/WrfData/wrf_seven_day/20180521/wrfout_d01_2018-05-20_00:00:00
(74, 87)
/public/product/WrfData/wrf_seven_day/20180521/wrfout_d01_2018-05-21_00:00:00
(74, 87)
/public/product/WrfData/wrf_seven_day/20180521/wrfout_d01_2018-05-21_00:00:00
(74, 87)
/public/product/WrfData/wrf_seven_day/20180521/wrfout_d01_2018-05-22_00:00:00
(74, 87)
/public/product/WrfData/wrf_seven_day/20180521/wrfout_d01_2018-05-22_00:00:00
(74, 87)
/public/product/WrfData/wrf_seven_day/20180521/wrfout_d01_2018-05-23_00:00:00
(74, 87)
/public/product/WrfData/wrf_seven_day/20180521/wrfout_d01_2018-05-23_00:00:00
(74, 87)
/public/product/WrfData/wrf_seven_day/20180521/wrfout_d01_2018-05-24_00:00:00
(74, 87)
/public/product/WrfData/wrf_seven_day/20180521/wrfout_d01_2018-05-24_00:00:00
(74, 87)
/public/product/WrfData/wrf_seven_day/20180521/wrfout_d01_2018-05-25_00:00:00
(74, 87)
/public/product/WrfData/wrf_seven_day/20180521/wrfout_d01_2018-05-25_00:00:00
(74, 87)
/public/product/WrfData/wrf_seven_day/20180521/wrfout_d01_2018-05-26_00:00:00
(74, 87)
/public/product/WrfData/wrf_seven_day/20180521/wrfout_d01_2018-05-26_00:00:00
(74, 87)
/public/product/WrfData/wrf_seven_day/20180521/wrfout_d01_2018-05-27_00:00:00
(74, 87)
/public/product/WrfData/wrf_seven_day/20180521/wrfout_d01_2018-05-27_00:00:00
(74, 87)
/public/product/WrfData/wrf_seven_day/20180521/wrfout_d01_2018-05-28_00:00:00
(74, 87)
/public/product/WrfData/wrf_seven_day/20180521/wrfout_d01_2018-05-28_00:00:00
(74, 87)
/public/product/WrfData/wrf_seven_day/20180521/wrfout_d01_2018-05-29_00:00:00
(74, 87)
/public/product/WrfData/wrf_seven_day/20180521/wrfout_d01_2018-05-29_00:00:00
(74, 87)
finished all in 337.86 seconds
